Using pre-set license
Built from '2020.3/staging' branch; Version is '2020.3.11f1 (99c7afb366b3) revision 10078127'; Using compiler version '192528614'; Build Type 'Release'
OS: 'Windows 10 Pro; OS build 22621.2134; Version 2009; 64bit' Language: 'es' Physical Memory: 16306 MB
BatchMode: 1, IsHumanControllingUs: 0, StartBugReporterOnCrash: 0, Is64bit: 1, IsPro: 0

 COMMAND LINE ARGUMENTS:
C:\Program Files\Unity\Hub\Editor\2020.3.11f1\Editor\Unity.exe
-adb2
-batchMode
-noUpm
-name
AssetImportWorker0
-projectPath
D:/Unity HDD/Projects/Github/VisionWare/VisionSoft
-logFile
Logs/AssetImportWorker0.log
-srvPort
49674
Successfully changed project path to: D:/Unity HDD/Projects/Github/VisionWare/VisionSoft
D:/Unity HDD/Projects/Github/VisionWare/VisionSoft
Using Asset Import Pipeline V2.
Refreshing native plugins compatible for Editor in 204.01 ms, found 4 plugins.
Preloading 0 native plugins for Editor in 0.00 ms.
Initialize engine version: 2020.3.11f1 (99c7afb366b3)
[Subsystems] Discovering subsystems at path C:/Program Files/Unity/Hub/Editor/2020.3.11f1/Editor/Data/Resources/UnitySubsystems
[Subsystems] Discovering subsystems at path D:/Unity HDD/Projects/Github/VisionWare/VisionSoft/Assets
GfxDevice: creating device client; threaded=0
Direct3D:
    Version:  Direct3D 11.0 [level 11.1]
    Renderer: NVIDIA GeForce RTX 3060 (ID=0x2504)
    Vendor:   
    VRAM:     12129 MB
    Driver:   31.0.15.3699
Shader 'Universal Render Pipeline/Particles/Lit': fallback shader 'Universal Render Pipeline/Particles/SimpleLit' not found
Shader 'MoreMountains/MMRipple': fallback shader 'Particle/AlphaBlended' not found
Initialize mono
Mono path[0] = 'C:/Program Files/Unity/Hub/Editor/2020.3.11f1/Editor/Data/Managed'
Mono path[1] = 'C:/Program Files/Unity/Hub/Editor/2020.3.11f1/Editor/Data/MonoBleedingEdge/lib/mono/unityjit'
Mono config path = 'C:/Program Files/Unity/Hub/Editor/2020.3.11f1/Editor/Data/MonoBleedingEdge/etc'
Using monoOptions --debugger-agent=transport=dt_socket,embedding=1,server=y,suspend=n,address=127.0.0.1:56264
Begin MonoManager ReloadAssembly
Registering precompiled unity dll's ...
Register platform support module: C:/Program Files/Unity/Hub/Editor/2020.3.11f1/Editor/Data/PlaybackEngines/WindowsStandaloneSupport/UnityEditor.WindowsStandalone.Extensions.dll
Registered in 0.001988 seconds.
Native extension for WindowsStandalone target not found
Refreshing native plugins compatible for Editor in 140.30 ms, found 4 plugins.
Preloading 0 native plugins for Editor in 0.00 ms.
Mono: successfully reloaded assembly
- Completed reload, in  3.461 seconds
Platform modules already initialized, skipping
Registering precompiled user dll's ...
Registered in 0.007959 seconds.
Begin MonoManager ReloadAssembly
Native extension for WindowsStandalone target not found
Refreshing native plugins compatible for Editor in 176.43 ms, found 4 plugins.
Preloading 0 native plugins for Editor in 0.00 ms.
RefreshInfo: StopAssetImportingV2(NoUpdateAssetOptions) scanfilter: 
RefreshProfiler: Total: 0.000ms
RefreshInfo: StopAssetImportingV2(NoUpdateAssetOptions) scanfilter: 
RefreshProfiler: Total: 0.000ms
Mono: successfully reloaded assembly
- Completed reload, in  1.882 seconds
Platform modules already initialized, skipping
========================================================================
Worker process is ready to serve import requests
Shader 'Universal Render Pipeline/Particles/Lit': fallback shader 'Universal Render Pipeline/Particles/SimpleLit' not found
Shader 'MoreMountains/MMRipple': fallback shader 'Particle/AlphaBlended' not found
Launched and connected shader compiler UnityShaderCompiler.exe after 0.06 seconds
Refreshing native plugins compatible for Editor in 2.54 ms, found 4 plugins.
Preloading 0 native plugins for Editor in 0.00 ms.
Unloading 6 Unused Serialized files (Serialized files now loaded: 0)
System memory in use before: 176.9 MB.
System memory in use after: 177.2 MB.

Unloading 92 unused Assets to reduce memory usage. Loaded Objects now: 4984.
Total: 5.366100 ms (FindLiveObjects: 0.602600 ms CreateObjectMapping: 0.418100 ms MarkObjects: 4.200000 ms  DeleteObjects: 0.143700 ms)

========================================================================
Received Import Request.
  path: Assets/Plugins/FMOD/lib/ios/libfmodstudiounitypluginL.a
  artifactKey: Guid(5aa4057a8deee1c45a69677125e2c241) Importer(815301076,1909f56bfc062723c751e8b465ee728b)
Start importing Assets/Plugins/FMOD/lib/ios/libfmodstudiounitypluginL.a using Guid(5aa4057a8deee1c45a69677125e2c241) Importer(815301076,1909f56bfc062723c751e8b465ee728b)  -> (artifact id: 'd525820a03a415fd2cac58d2100d0648') in 0.050259 seconds
  Import took 0.122502 seconds .

========================================================================
Received Import Request.
  Time since last request: 0.000242 seconds.
  path: Assets/Plugins/FMOD/lib/ios
  artifactKey: Guid(17c2d7a6bf1d69b40babc6a644e721d3) Importer(815301076,1909f56bfc062723c751e8b465ee728b)
Start importing Assets/Plugins/FMOD/lib/ios using Guid(17c2d7a6bf1d69b40babc6a644e721d3) Importer(815301076,1909f56bfc062723c751e8b465ee728b)  -> (artifact id: 'f5c757f6a8c2e2db8c3269b9452061f0') in 0.014679 seconds
  Import took 0.041760 seconds .

========================================================================
Received Import Request.
  Time since last request: 0.000246 seconds.
  path: Assets/Plugins/FMOD/lib/ios/libresonanceaudiosimulator.a
  artifactKey: Guid(5ad1791b3b48a4ba39c30a2b4f438486) Importer(815301076,1909f56bfc062723c751e8b465ee728b)
Start importing Assets/Plugins/FMOD/lib/ios/libresonanceaudiosimulator.a using Guid(5ad1791b3b48a4ba39c30a2b4f438486) Importer(815301076,1909f56bfc062723c751e8b465ee728b)  -> (artifact id: '7a2cf8d86f77a39bc116a72f0bd6fa93') in 0.014953 seconds
  Import took 0.046782 seconds .

========================================================================
Received Import Request.
  Time since last request: 0.000251 seconds.
  path: Assets/Plugins/FMOD/lib/ios/libfmodstudiounitypluginsimulatorL.a
  artifactKey: Guid(9aed261b7fbc24099a9b58cbbf374583) Importer(815301076,1909f56bfc062723c751e8b465ee728b)
Start importing Assets/Plugins/FMOD/lib/ios/libfmodstudiounitypluginsimulatorL.a using Guid(9aed261b7fbc24099a9b58cbbf374583) Importer(815301076,1909f56bfc062723c751e8b465ee728b)  -> (artifact id: '856fdd27cfac1abaa56b499b9646d687') in 0.016303 seconds
  Import took 0.051277 seconds .

========================================================================
Received Import Request.
  Time since last request: 0.000254 seconds.
  path: Assets/Plugins/FMOD/lib/ios/libfmodstudiounityplugin.a
  artifactKey: Guid(79c89db1833831740aee981c0d90d2d4) Importer(815301076,1909f56bfc062723c751e8b465ee728b)
Start importing Assets/Plugins/FMOD/lib/ios/libfmodstudiounityplugin.a using Guid(79c89db1833831740aee981c0d90d2d4) Importer(815301076,1909f56bfc062723c751e8b465ee728b)  -> (artifact id: '4ca0e7fda621f80f53c4bcee4e20412c') in 0.013267 seconds
  Import took 0.031437 seconds .

========================================================================
Received Import Request.
  Time since last request: 0.000236 seconds.
  path: Assets/Plugins/FMOD/lib/ios/libresonanceaudio.a
  artifactKey: Guid(bc5d15d8f7607af478126b815040cbd2) Importer(815301076,1909f56bfc062723c751e8b465ee728b)
Start importing Assets/Plugins/FMOD/lib/ios/libresonanceaudio.a using Guid(bc5d15d8f7607af478126b815040cbd2) Importer(815301076,1909f56bfc062723c751e8b465ee728b)  -> (artifact id: 'b608d3128c6b7b85e1e4f484156a0e71') in 0.012700 seconds
  Import took 0.027734 seconds .

========================================================================
Received Import Request.
  Time since last request: 0.000212 seconds.
  path: Assets/Plugins/FMOD/lib/ios/libfmodstudiounitypluginsimulator.a
  artifactKey: Guid(26235204f425d41479c8e41c99e96f50) Importer(815301076,1909f56bfc062723c751e8b465ee728b)
Start importing Assets/Plugins/FMOD/lib/ios/libfmodstudiounitypluginsimulator.a using Guid(26235204f425d41479c8e41c99e96f50) Importer(815301076,1909f56bfc062723c751e8b465ee728b)  -> (artifact id: '8f27fa81d2a2faab9b46150d20de4dbc') in 0.013579 seconds
  Import took 0.026046 seconds .

========================================================================
Received Import Request.
  Time since last request: 0.000303 seconds.
  path: Assets/Plugins
  artifactKey: Guid(bd9321e93d253884b98c38010ef5d706) Importer(815301076,1909f56bfc062723c751e8b465ee728b)
Start importing Assets/Plugins using Guid(bd9321e93d253884b98c38010ef5d706) Importer(815301076,1909f56bfc062723c751e8b465ee728b)  -> (artifact id: 'd384f1e1eaf0576c90ef4593851a7ab1') in 0.012326 seconds
  Import took 0.027283 seconds .

========================================================================
Received Import Request.
  Time since last request: 0.000212 seconds.
  path: Assets/Plugins/FMOD/lib
  artifactKey: Guid(72a292d175617e741975d9fa96bcaede) Importer(815301076,1909f56bfc062723c751e8b465ee728b)
Start importing Assets/Plugins/FMOD/lib using Guid(72a292d175617e741975d9fa96bcaede) Importer(815301076,1909f56bfc062723c751e8b465ee728b)  -> (artifact id: '8b770ad24ca8748bbcb12d20a19d44da') in 0.013337 seconds
  Import took 0.021373 seconds .

========================================================================
Received Import Request.
  Time since last request: 3.091475 seconds.
  path: Assets/Plugins/FMOD/lib/win
  artifactKey: Guid(a97f48d936d2531428d9179b22160a06) Importer(815301076,1909f56bfc062723c751e8b465ee728b)
Start importing Assets/Plugins/FMOD/lib/win using Guid(a97f48d936d2531428d9179b22160a06) Importer(815301076,1909f56bfc062723c751e8b465ee728b)  -> (artifact id: '5f5aac206cd8e902766e8dfa9bc32d02') in 0.012967 seconds
  Import took 0.026521 seconds .

========================================================================
Received Import Request.
  Time since last request: 1.313858 seconds.
  path: Assets/Plugins/FMOD/lib/win/x86
  artifactKey: Guid(03f590b69e4afe14fa1c73f89a98a203) Importer(815301076,1909f56bfc062723c751e8b465ee728b)
Start importing Assets/Plugins/FMOD/lib/win/x86 using Guid(03f590b69e4afe14fa1c73f89a98a203) Importer(815301076,1909f56bfc062723c751e8b465ee728b)  -> (artifact id: '23e318b429b290c1f2fc889943914d26') in 0.012655 seconds
  Import took 0.035439 seconds .

========================================================================
Received Import Request.
  Time since last request: 0.925609 seconds.
  path: Assets/Plugins/FMOD/lib/win/x86/fmodstudioL.dll
  artifactKey: Guid(7cd424d5faf3fc046a9f8b84346fc1f7) Importer(815301076,1909f56bfc062723c751e8b465ee728b)
Start importing Assets/Plugins/FMOD/lib/win/x86/fmodstudioL.dll using Guid(7cd424d5faf3fc046a9f8b84346fc1f7) Importer(815301076,1909f56bfc062723c751e8b465ee728b)  -> (artifact id: 'aec58b74aac82e24df3dfc17f1849bc2') in 0.019337 seconds
  Import took 0.042488 seconds .

========================================================================
Received Import Request.
  Time since last request: 0.768803 seconds.
  path: Assets/Plugins/FMOD/lib/win/x86/resonanceaudio.dll
  artifactKey: Guid(b2c11f1e03736f748bd861d7bf4f8952) Importer(815301076,1909f56bfc062723c751e8b465ee728b)
Start importing Assets/Plugins/FMOD/lib/win/x86/resonanceaudio.dll using Guid(b2c11f1e03736f748bd861d7bf4f8952) Importer(815301076,1909f56bfc062723c751e8b465ee728b)  -> (artifact id: '518966d744e826a419b2f69d9bb95915') in 0.013915 seconds
  Import took 0.022666 seconds .

========================================================================
Received Import Request.
  Time since last request: 0.001897 seconds.
  path: Assets/Plugins/FMOD/lib/win/x86/resonanceaudio.dll
  artifactKey: Guid(b2c11f1e03736f748bd861d7bf4f8952) Importer(815301076,1909f56bfc062723c751e8b465ee728b)
Start importing Assets/Plugins/FMOD/lib/win/x86/resonanceaudio.dll using Guid(b2c11f1e03736f748bd861d7bf4f8952) Importer(815301076,1909f56bfc062723c751e8b465ee728b)  -> (artifact id: '518966d744e826a419b2f69d9bb95915') in 0.002782 seconds
  Import took 0.038741 seconds .

========================================================================
Received Import Request.
  Time since last request: 0.784393 seconds.
  path: Assets/Plugins/FMOD/lib/win/x86/fmodstudio.dll
  artifactKey: Guid(1550e5c882b8c2445a1f14f8b1b23d41) Importer(815301076,1909f56bfc062723c751e8b465ee728b)
Start importing Assets/Plugins/FMOD/lib/win/x86/fmodstudio.dll using Guid(1550e5c882b8c2445a1f14f8b1b23d41) Importer(815301076,1909f56bfc062723c751e8b465ee728b)  -> (artifact id: '6434192b0967ab3af629d7bf888e7c51') in 0.013792 seconds
  Import took 0.063048 seconds .

========================================================================
Received Import Request.
  Time since last request: 44.978616 seconds.
  path: Assets/Plugins/FMOD/src/Runtime
  artifactKey: Guid(5b79182629139714fb20db04dbd3d3bd) Importer(815301076,1909f56bfc062723c751e8b465ee728b)
Start importing Assets/Plugins/FMOD/src/Runtime using Guid(5b79182629139714fb20db04dbd3d3bd) Importer(815301076,1909f56bfc062723c751e8b465ee728b)  -> (artifact id: '74735a34689467cc1f2f17c3e74ac889') in 0.014523 seconds
  Import took 0.030350 seconds .

========================================================================
Received Import Request.
  Time since last request: 13.621877 seconds.
  path: Assets/Plugins/FMOD/README.txt
  artifactKey: Guid(081074d1d9d6ab448b88688c3730e8a1) Importer(815301076,1909f56bfc062723c751e8b465ee728b)
Start importing Assets/Plugins/FMOD/README.txt using Guid(081074d1d9d6ab448b88688c3730e8a1) Importer(815301076,1909f56bfc062723c751e8b465ee728b)  -> (artifact id: '56260df728e9c21ba76b3e947d512a82') in 0.067444 seconds
  Import took 0.087697 seconds .

AssetImportWorkerClient::OnTransportError - code=2 error=End of file
